<?xml version="1.0" encoding="utf-8"?><testsuites name="pytest tests"><testsuite name="pytest" errors="0" failures="0" skipped="0" tests="14" time="3.450" timestamp="2026-06-19T07:15:01.065036+00:00" hostname="agent-env-022d7bd9-e3c3-4aca-8730-3acd15aa1faa"><testcase classname="tests.test_perakende_sector.TestAuth" name="test_login_sets_httponly_cookies" time="0.468" /><testcase classname="tests.test_perakende_sector.TestAuth" name="test_me_returns_admin" time="0.369" /><testcase classname="tests.test_perakende_sector.TestTenantCreateAndSeed" name="test_tenant_created_with_perakende_sector" time="1.470" /><testcase classname="tests.test_perakende_sector.TestTenantCreateAndSeed" name="test_seeded_employees_use_retail_departments" time="0.056" /><testcase classname="tests.test_perakende_sector.TestRetailEndpoints" name="test_skills_map_v2_retail_clusters" time="0.053" /><testcase classname="tests.test_perakende_sector.TestRetailEndpoints" name="test_career_paths_returns_10_retail_paths" time="0.042" /><testcase classname="tests.test_perakende_sector.TestRetailEndpoints" name="test_internal_mobility_uses_retail_depts" time="0.048" /><testcase classname="tests.test_perakende_sector.TestRetailEndpoints" name="test_workforce_alignment_retail_strategic_objectives" time="0.050" /><testcase classname="tests.test_perakende_sector.TestRetailEndpoints" name="test_headcount_plan_retail_targets" time="0.047" /><testcase classname="tests.test_perakende_sector.TestRetailEndpoints" name="test_positions_uses_retail_band_titles" time="0.087" /><testcase classname="tests.test_perakende_sector.TestRetailEndpoints" name="test_alerts_endpoint_no_error" time="0.121" /><testcase classname="tests.test_perakende_sector.TestBankingRegression" name="test_banking_overview_still_banking_depts" time="0.057" /><testcase classname="tests.test_perakende_sector.TestBankingRegression" name="test_banking_career_paths_not_retail" time="0.045" /><testcase classname="tests.test_perakende_sector.TestCleanup" name="test_delete_tenant_removes_data" time="0.446" /></testsuite></testsuites>