<?xml version="1.0" encoding="utf-8"?><testsuites name="pytest tests"><testsuite name="pytest" errors="0" failures="0" skipped="0" tests="19" time="1.302" timestamp="2026-06-09T07:14:17.904710+00:00" hostname="agent-env-022d7bd9-e3c3-4aca-8730-3acd15aa1faa"><testcase classname="backend.tests.test_planning.TestExistingEndpoints" name="test_existing_dashboards[/dashboard/overview]" time="0.169" /><testcase classname="backend.tests.test_planning.TestExistingEndpoints" name="test_existing_dashboards[/dashboard/headcount]" time="0.050" /><testcase classname="backend.tests.test_planning.TestExistingEndpoints" name="test_existing_dashboards[/dashboard/turnover]" time="0.107" /><testcase classname="backend.tests.test_planning.TestExistingEndpoints" name="test_existing_dashboards[/dashboard/recruitment]" time="0.046" /><testcase classname="backend.tests.test_planning.TestExistingEndpoints" name="test_existing_dashboards[/dashboard/performance]" time="0.050" /><testcase classname="backend.tests.test_planning.TestExistingEndpoints" name="test_existing_dashboards[/dashboard/hires]" time="0.048" /><testcase classname="backend.tests.test_planning.TestExistingEndpoints" name="test_existing_dashboards[/dashboard/leaves]" time="0.048" /><testcase classname="backend.tests.test_planning.TestExistingEndpoints" name="test_existing_dashboards[/dashboard/movement]" time="0.098" /><testcase classname="backend.tests.test_planning.TestSeedDataRealism" name="test_turnover_rate_realistic" time="0.078" /><testcase classname="backend.tests.test_planning.TestSeedDataRealism" name="test_leaving_reasons_varied" time="0.078" /><testcase classname="backend.tests.test_planning.TestHeadcountPlan" name="test_returns_200" time="0.049" /><testcase classname="backend.tests.test_planning.TestHeadcountPlan" name="test_kpi_structure" time="0.050" /><testcase classname="backend.tests.test_planning.TestHeadcountPlan" name="test_department_plan_and_critical_gaps" time="0.048" /><testcase classname="backend.tests.test_planning.TestWorkforceAlignment" name="test_returns_200_and_objectives" time="0.051" /><testcase classname="backend.tests.test_planning.TestWorkforceAlignment" name="test_kpis_and_objective_shape" time="0.052" /><testcase classname="backend.tests.test_planning.TestWorkforceAlignment" name="test_status_values_valid" time="0.049" /><testcase classname="backend.tests.test_planning.TestOrgHealth" name="test_returns_200" time="0.049" /><testcase classname="backend.tests.test_planning.TestOrgHealth" name="test_kpi_structure" time="0.050" /><testcase classname="backend.tests.test_planning.TestOrgHealth" name="test_department_health_and_pyramid" time="0.048" /></testsuite></testsuites>