<?xml version="1.0" encoding="utf-8"?><testsuites name="pytest tests"><testsuite name="pytest" errors="0" failures="0" skipped="0" tests="7" time="1.380" timestamp="2026-09-18T05:08:33.072152+00:00" hostname="agent-env-022d7bd9-e3c3-4aca-8730-3acd15aa1faa"><testcase classname="backend.tests.test_iter21_templates_and_share" name="test_report_templates_returns_21" time="0.240" /><testcase classname="backend.tests.test_iter21_templates_and_share" name="test_create_from_template_index_0" time="0.120" /><testcase classname="backend.tests.test_iter21_templates_and_share" name="test_create_from_template_invalid_index" time="0.056" /><testcase classname="backend.tests.test_iter21_templates_and_share" name="test_report_save_and_list" time="0.172" /><testcase classname="backend.tests.test_iter21_templates_and_share" name="test_dashboard_share_no_password" time="0.309" /><testcase classname="backend.tests.test_iter21_templates_and_share" name="test_dashboard_share_with_password" time="0.249" /><testcase classname="backend.tests.test_iter21_templates_and_share" name="test_shared_invalid_token" time="0.169" /></testsuite></testsuites>