<?xml version="1.0" encoding="utf-8"?><testsuites name="pytest tests"><testsuite name="pytest" errors="0" failures="0" skipped="0" tests="10" time="1.568" timestamp="2026-09-17T07:34:00.995722+00:00" hostname="agent-env-022d7bd9-e3c3-4aca-8730-3acd15aa1faa"><testcase classname="backend.tests.test_iter17_enrichment" name="test_skills_map_has_76_unique" time="0.517" /><testcase classname="backend.tests.test_iter17_enrichment" name="test_engagement_kpis" time="0.086" /><testcase classname="backend.tests.test_iter17_enrichment" name="test_learning_kpis" time="0.156" /><testcase classname="backend.tests.test_iter17_enrichment" name="test_career_kpis" time="0.102" /><testcase classname="backend.tests.test_iter17_enrichment" name="test_succession_kpis" time="0.163" /><testcase classname="backend.tests.test_iter17_enrichment" name="test_burnout_returns_data" time="0.119" /><testcase classname="backend.tests.test_iter17_enrichment" name="test_report_designer_data_sources" time="0.065" /><testcase classname="backend.tests.test_iter17_enrichment" name="test_report_designer_kpi_templates" time="0.067" /><testcase classname="backend.tests.test_iter17_enrichment" name="test_execute_preview_engagement" time="0.110" /><testcase classname="backend.tests.test_iter17_enrichment" name="test_execute_preview_training" time="0.101" /></testsuite></testsuites>