<?xml version="1.0" encoding="utf-8"?><testsuites name="pytest tests"><testsuite name="pytest" errors="0" failures="0" skipped="0" tests="10" time="1.350" timestamp="2026-09-18T09:13:29.222315+00:00" hostname="agent-env-022d7bd9-e3c3-4aca-8730-3acd15aa1faa"><testcase classname="backend.tests.test_iter23_jollytur_enrichment" name="test_overview" time="0.552" /><testcase classname="backend.tests.test_iter23_jollytur_enrichment" name="test_headcount" time="0.082" /><testcase classname="backend.tests.test_iter23_jollytur_enrichment" name="test_recruitment" time="0.079" /><testcase classname="backend.tests.test_iter23_jollytur_enrichment" name="test_learning" time="0.081" /><testcase classname="backend.tests.test_iter23_jollytur_enrichment" name="test_engagement" time="0.079" /><testcase classname="backend.tests.test_iter23_jollytur_enrichment" name="test_skills_map" time="0.080" /><testcase classname="backend.tests.test_iter23_jollytur_enrichment" name="test_internal_mobility" time="0.084" /><testcase classname="backend.tests.test_iter23_jollytur_enrichment" name="test_career" time="0.081" /><testcase classname="backend.tests.test_iter23_jollytur_enrichment" name="test_segments" time="0.074" /><testcase classname="backend.tests.test_iter23_jollytur_enrichment" name="test_harita" time="0.076" /></testsuite></testsuites>