<?xml version="1.0" encoding="utf-8"?><testsuites name="pytest tests"><testsuite name="pytest" errors="0" failures="0" skipped="0" tests="22" time="1.720" timestamp="2026-07-30T12:43:36.442540+00:00" hostname="agent-env-022d7bd9-e3c3-4aca-8730-3acd15aa1faa"><testcase classname="backend.tests.test_filters_and_export" name="test_segments_endpoint_yapikredi" time="0.156" /><testcase classname="backend.tests.test_filters_and_export" name="test_segments_endpoint_parakende" time="0.054" /><testcase classname="backend.tests.test_filters_and_export" name="test_department_filter_narrows_headcount" time="0.138" /><testcase classname="backend.tests.test_filters_and_export" name="test_hrbp_filter_returns_data" time="0.061" /><testcase classname="backend.tests.test_filters_and_export" name="test_hrbp_filter_narrows_data" time="0.138" /><testcase classname="backend.tests.test_filters_and_export" name="test_endpoint_accepts_dept_and_hrbp[overview]" time="0.062" /><testcase classname="backend.tests.test_filters_and_export" name="test_endpoint_accepts_dept_and_hrbp[headcount]" time="0.096" /><testcase classname="backend.tests.test_filters_and_export" name="test_endpoint_accepts_dept_and_hrbp[hires]" time="0.054" /><testcase classname="backend.tests.test_filters_and_export" name="test_endpoint_accepts_dept_and_hrbp[turnover]" time="0.069" /><testcase classname="backend.tests.test_filters_and_export" name="test_endpoint_accepts_dept_and_hrbp[movement]" time="0.064" /><testcase classname="backend.tests.test_filters_and_export" name="test_endpoint_accepts_dept_and_hrbp[recruitment]" time="0.059" /><testcase classname="backend.tests.test_filters_and_export" name="test_endpoint_accepts_dept_and_hrbp[performance]" time="0.057" /><testcase classname="backend.tests.test_filters_and_export" name="test_endpoint_accepts_dept_and_hrbp[learning]" time="0.057" /><testcase classname="backend.tests.test_filters_and_export" name="test_endpoint_accepts_dept_and_hrbp[compensation]" time="0.059" /><testcase classname="backend.tests.test_filters_and_export" name="test_endpoint_accepts_dept_and_hrbp[norm-kadro]" time="0.081" /><testcase classname="backend.tests.test_filters_and_export" name="test_endpoint_accepts_dept_and_hrbp[ek-kadro]" time="0.055" /><testcase classname="backend.tests.test_filters_and_export" name="test_endpoint_accepts_dept_and_hrbp[teklif-analizi]" time="0.057" /><testcase classname="backend.tests.test_filters_and_export" name="test_endpoint_accepts_dept_and_hrbp[ucret-benchmark]" time="0.057" /><testcase classname="backend.tests.test_filters_and_export" name="test_endpoint_accepts_dept_and_hrbp[kaynak-analizi]" time="0.057" /><testcase classname="backend.tests.test_filters_and_export" name="test_endpoint_accepts_dept_and_hrbp[universite-analizi]" time="0.063" /><testcase classname="backend.tests.test_filters_and_export" name="test_endpoint_accepts_dept_and_hrbp[ise-alim-maliyet]" time="0.064" /><testcase classname="backend.tests.test_filters_and_export" name="test_endpoint_accepts_dept_and_hrbp[aday-hunisi]" time="0.079" /></testsuite></testsuites>