<?xml version="1.0" encoding="utf-8"?><testsuites name="pytest tests"><testsuite name="pytest" errors="0" failures="0" skipped="0" tests="12" time="1.499" timestamp="2026-09-17T15:53:07.152979+00:00" hostname="agent-env-022d7bd9-e3c3-4aca-8730-3acd15aa1faa"><testcase classname="backend.tests.test_iter20_dashboards_and_kpi.TestDashboardCRUD" name="test_create_dashboard" time="0.280" /><testcase classname="backend.tests.test_iter20_dashboards_and_kpi.TestDashboardCRUD" name="test_list_dashboards" time="0.081" /><testcase classname="backend.tests.test_iter20_dashboards_and_kpi.TestDashboardCRUD" name="test_get_dashboard" time="0.083" /><testcase classname="backend.tests.test_iter20_dashboards_and_kpi.TestDashboardCRUD" name="test_update_dashboard" time="0.071" /><testcase classname="backend.tests.test_iter20_dashboards_and_kpi.TestDashboardCRUD" name="test_publish_dashboard" time="0.080" /><testcase classname="backend.tests.test_iter20_dashboards_and_kpi.TestDashboardCRUD" name="test_duplicate_dashboard" time="0.152" /><testcase classname="backend.tests.test_iter20_dashboards_and_kpi.TestDashboardCRUD" name="test_delete_dashboard" time="0.148" /><testcase classname="backend.tests.test_iter20_dashboards_and_kpi.TestKPIDataAvailable" name="test_tusas_engagement_kpis" time="0.095" /><testcase classname="backend.tests.test_iter20_dashboards_and_kpi.TestKPIDataAvailable" name="test_tusas_survey_exit" time="0.097" /><testcase classname="backend.tests.test_iter20_dashboards_and_kpi.TestKPIDataAvailable" name="test_tusas_overview" time="0.174" /><testcase classname="backend.tests.test_iter20_dashboards_and_kpi.TestKPIDataAvailable" name="test_turknet_skills_map" time="0.088" /><testcase classname="backend.tests.test_iter20_dashboards_and_kpi.TestReportDesigner" name="test_list_reports" time="0.073" /></testsuite></testsuites>