<?xml version="1.0" encoding="utf-8"?><testsuites name="pytest tests"><testsuite name="pytest" errors="0" failures="0" skipped="0" tests="12" time="2.388" timestamp="2026-09-17T06:14:06.962430+00:00" hostname="agent-env-022d7bd9-e3c3-4aca-8730-3acd15aa1faa"><testcase classname="backend.tests.test_tusas_new_features.TestSegmentsProjects" name="test_tusas_segments_returns_projects" time="0.300" /><testcase classname="backend.tests.test_tusas_new_features.TestSegmentsProjects" name="test_yapikredi_segments_no_projects" time="0.166" /><testcase classname="backend.tests.test_tusas_new_features.TestOverviewProjectFilter" name="test_overview_no_project" time="0.185" /><testcase classname="backend.tests.test_tusas_new_features.TestOverviewProjectFilter" name="test_overview_kaan_filter" time="0.134" /><testcase classname="backend.tests.test_tusas_new_features.TestYetenekProgramlari" name="test_endpoint_ok" time="0.192" /><testcase classname="backend.tests.test_tusas_new_features.TestYetenekProgramlari" name="test_kpis_match_spec" time="0.153" /><testcase classname="backend.tests.test_tusas_new_features.TestYetenekProgramlari" name="test_programs_breakdown" time="0.251" /><testcase classname="backend.tests.test_tusas_new_features.TestYetenekProgramlari" name="test_yapikredi_empty" time="0.116" /><testcase classname="backend.tests.test_tusas_new_features.TestGuvenlikSorusturmasi" name="test_endpoint_ok" time="0.157" /><testcase classname="backend.tests.test_tusas_new_features.TestGuvenlikSorusturmasi" name="test_kpis_match_spec" time="0.152" /><testcase classname="backend.tests.test_tusas_new_features.TestGuvenlikSorusturmasi" name="test_funnel_stages" time="0.190" /><testcase classname="backend.tests.test_tusas_new_features.TestGuvenlikSorusturmasi" name="test_dept_breakdown_exists" time="0.255" /></testsuite></testsuites>