<?xml version="1.0" encoding="utf-8"?><testsuites name="pytest tests"><testsuite name="pytest" errors="0" failures="1" skipped="0" tests="21" time="1.691" timestamp="2026-06-09T09:51:48.332931+00:00" hostname="agent-env-022d7bd9-e3c3-4aca-8730-3acd15aa1faa"><testcase classname="backend.tests.test_country_trends.TestOverviewCountry" name="test_overview_no_country" time="0.171" /><testcase classname="backend.tests.test_country_trends.TestOverviewCountry" name="test_overview_country_italy" time="0.072" /><testcase classname="backend.tests.test_country_trends.TestOverviewCountry" name="test_overview_country_turkey" time="0.055" /><testcase classname="backend.tests.test_country_trends.TestOverviewCountry" name="test_overview_country_sum_equals_all" time="0.164" /><testcase classname="backend.tests.test_country_trends.TestHeadcountCountry" name="test_headcount_italy_only_italy_cities" time="0.051" /><testcase classname="backend.tests.test_country_trends.TestHeadcountCountry" name="test_headcount_turkey_only_turkey_cities" time="0.048" /><testcase classname="backend.tests.test_country_trends.TestHeadcountCountry" name="test_headcount_differs_by_country" time="0.102" /><testcase classname="backend.tests.test_country_trends.TestTurnoverCountry" name="test_turnover_accepts_country" time="0.079" /><testcase classname="backend.tests.test_country_trends.TestTurnoverCountry" name="test_turnover_country_filters_yearly" time="0.161" /><testcase classname="backend.tests.test_country_trends.TestHCPlanningCountry" name="test_hc_planning_country" time="0.102" /><testcase classname="backend.tests.test_country_trends.TestOrgHealthCountry" name="test_org_health_country" time="0.101"><failure message="AssertionError: Org Health not filtered by country&#10;assert {'band_pyramid': [{'band': 'A', 'count': 68, 'deviation': -3.1, 'ideal_pct': 20, ...}, {'band': 'B', 'count': 128, 'deviation': 1.8, 'ideal_pct': 30, ...}, {'band': 'C', 'count': 107, 'deviation': 1.6, 'ideal_pct': 25, ...}, {'band': 'D', 'count': 57, 'deviation': -0.8, 'ideal_pct': 15, ...}, {'band': 'E', 'count': 42, 'deviation': 0.4, 'ideal_pct': 10, ...}], 'department_health': [{'avg_performance': 3.4, 'avg_seniority': 3.0, 'band_distribution': {'A': 7, 'B': 10, 'C': 10, 'D': 7, ...}, 'department': 'R&amp;D', ...}, {'avg_performance': 3.2, 'avg_seniority': 2.8, 'band_distribution': {'A': 6, 'B': 9, 'C': 8, 'D': 5, ...}, 'department': 'HR', ...}, {'avg_performance': 3.4, 'avg_seniority': 3.2, 'band_distribution': {'A': 9, 'B': 19, 'C': 15, 'D': 12, ...}, 'department': 'Marketing', ...}, {'avg_performance': 3.6, 'avg_seniority': 2.8, 'band_distribution': {'A': 7, 'B': 10, 'C': 20, 'D': 7, ...}, 'department': 'Operations', ...}, {'avg_performance': 3.3, 'avg_seniority': 3.1, 'band_distribution': {'A': 5, 'B': 20, 'C': 13, 'D': 4, ...}, 'department': 'IT', ...}, {'avg_performance': 3.3, 'avg_seniority': 2.6, 'band_distribution': {'A': 9, 'B': 15, 'C': 7, 'D': 6, ...}, 'department': 'Finance', ...}, ...], 'kpis': {'attention_depts': 1, 'healthy_depts': 9, 'hierarchy_depth': 5, 'manager_ratio': 24.6, ...}} != {'band_pyramid': [{'band': 'A', 'count': 68, 'deviation': -3.1, 'ideal_pct': 20, ...}, {'band': 'B', 'count': 128, 'deviation': 1.8, 'ideal_pct': 30, ...}, {'band': 'C', 'count': 107, 'deviation': 1.6, 'ideal_pct': 25, ...}, {'band': 'D', 'count': 57, 'deviation': -0.8, 'ideal_pct': 15, ...}, {'band': 'E', 'count': 42, 'deviation': 0.4, 'ideal_pct': 10, ...}], 'department_health': [{'avg_performance': 3.4, 'avg_seniority': 3.0, 'band_distribution': {'A': 7, 'B': 10, 'C': 10, 'D': 7, ...}, 'department': 'R&amp;D', ...}, {'avg_performance': 3.2, 'avg_seniority': 2.8, 'band_distribution': {'A': 6, 'B': 9, 'C': 8, 'D': 5, ...}, 'department': 'HR', ...}, {'avg_performance': 3.4, 'avg_seniority': 3.2, 'band_distribution': {'A': 9, 'B': 19, 'C': 15, 'D': 12, ...}, 'department': 'Marketing', ...}, {'avg_performance': 3.6, 'avg_seniority': 2.8, 'band_distribution': {'A': 7, 'B': 10, 'C': 20, 'D': 7, ...}, 'department': 'Operations', ...}, {'avg_performance': 3.3, 'avg_seniority': 3.1, 'band_distribution': {'A': 5, 'B': 20, 'C': 13, 'D': 4, ...}, 'department': 'IT', ...}, {'avg_performance': 3.3, 'avg_seniority': 2.6, 'band_distribution': {'A': 9, 'B': 15, 'C': 7, 'D': 6, ...}, 'department': 'Finance', ...}, ...], 'kpis': {'attention_depts': 1, 'healthy_depts': 9, 'hierarchy_depth': 5, 'manager_ratio': 24.6, ...}}&#10; +  where {'band_pyramid': [{'band': 'A', 'count': 68, 'deviation': -3.1, 'ideal_pct': 20, ...}, {'band': 'B', 'count': 128, 'deviation': 1.8, 'ideal_pct': 30, ...}, {'band': 'C', 'count': 107, 'deviation': 1.6, 'ideal_pct': 25, ...}, {'band': 'D', 'count': 57, 'deviation': -0.8, 'ideal_pct': 15, ...}, {'band': 'E', 'count': 42, 'deviation': 0.4, 'ideal_pct': 10, ...}], 'department_health': [{'avg_performance': 3.4, 'avg_seniority': 3.0, 'band_distribution': {'A': 7, 'B': 10, 'C': 10, 'D': 7, ...}, 'department': 'R&amp;D', ...}, {'avg_performance': 3.2, 'avg_seniority': 2.8, 'band_distribution': {'A': 6, 'B': 9, 'C': 8, 'D': 5, ...}, 'department': 'HR', ...}, {'avg_performance': 3.4, 'avg_seniority': 3.2, 'band_distribution': {'A': 9, 'B': 19, 'C': 15, 'D': 12, ...}, 'department': 'Marketing', ...}, {'avg_performance': 3.6, 'avg_seniority': 2.8, 'band_distribution': {'A': 7, 'B': 10, 'C': 20, 'D': 7, ...}, 'department': 'Operations', ...}, {'avg_performance': 3.3, 'avg_seniority': 3.1, 'band_distribution': {'A': 5, 'B': 20, 'C': 13, 'D': 4, ...}, 'department': 'IT', ...}, {'avg_performance': 3.3, 'avg_seniority': 2.6, 'band_distribution': {'A': 9, 'B': 15, 'C': 7, 'D': 6, ...}, 'department': 'Finance', ...}, ...], 'kpis': {'attention_depts': 1, 'healthy_depts': 9, 'hierarchy_depth': 5, 'manager_ratio': 24.6, ...}} = json()&#10; +    where json = &lt;Response [200]&gt;.json&#10; +  and   {'band_pyramid': [{'band': 'A', 'count': 68, 'deviation': -3.1, 'ideal_pct': 20, ...}, {'band': 'B', 'count': 128, 'deviation': 1.8, 'ideal_pct': 30, ...}, {'band': 'C', 'count': 107, 'deviation': 1.6, 'ideal_pct': 25, ...}, {'band': 'D', 'count': 57, 'deviation': -0.8, 'ideal_pct': 15, ...}, {'band': 'E', 'count': 42, 'deviation': 0.4, 'ideal_pct': 10, ...}], 'department_health': [{'avg_performance': 3.4, 'avg_seniority': 3.0, 'band_distribution': {'A': 7, 'B': 10, 'C': 10, 'D': 7, ...}, 'department': 'R&amp;D', ...}, {'avg_performance': 3.2, 'avg_seniority': 2.8, 'band_distribution': {'A': 6, 'B': 9, 'C': 8, 'D': 5, ...}, 'department': 'HR', ...}, {'avg_performance': 3.4, 'avg_seniority': 3.2, 'band_distribution': {'A': 9, 'B': 19, 'C': 15, 'D': 12, ...}, 'department': 'Marketing', ...}, {'avg_performance': 3.6, 'avg_seniority': 2.8, 'band_distribution': {'A': 7, 'B': 10, 'C': 20, 'D': 7, ...}, 'department': 'Operations', ...}, {'avg_performance': 3.3, 'avg_seniority': 3.1, 'band_distribution': {'A': 5, 'B': 20, 'C': 13, 'D': 4, ...}, 'department': 'IT', ...}, {'avg_performance': 3.3, 'avg_seniority': 2.6, 'band_distribution': {'A': 9, 'B': 15, 'C': 7, 'D': 6, ...}, 'department': 'Finance', ...}, ...], 'kpis': {'attention_depts': 1, 'healthy_depts': 9, 'hierarchy_depth': 5, 'manager_ratio': 24.6, ...}} = json()&#10; +    where json = &lt;Response [200]&gt;.json">E   AssertionError: Org Health not filtered by country
    assert {'band_pyramid': [{'band': 'A', 'count': 68, 'deviation': -3.1, 'ideal_pct': 20, ...}, {'band': 'B', 'count': 128, 'deviation': 1.8, 'ideal_pct': 30, ...}, {'band': 'C', 'count': 107, 'deviation': 1.6, 'ideal_pct': 25, ...}, {'band': 'D', 'count': 57, 'deviation': -0.8, 'ideal_pct': 15, ...}, {'band': 'E', 'count': 42, 'deviation': 0.4, 'ideal_pct': 10, ...}], 'department_health': [{'avg_performance': 3.4, 'avg_seniority': 3.0, 'band_distribution': {'A': 7, 'B': 10, 'C': 10, 'D': 7, ...}, 'department': 'R&amp;D', ...}, {'avg_performance': 3.2, 'avg_seniority': 2.8, 'band_distribution': {'A': 6, 'B': 9, 'C': 8, 'D': 5, ...}, 'department': 'HR', ...}, {'avg_performance': 3.4, 'avg_seniority': 3.2, 'band_distribution': {'A': 9, 'B': 19, 'C': 15, 'D': 12, ...}, 'department': 'Marketing', ...}, {'avg_performance': 3.6, 'avg_seniority': 2.8, 'band_distribution': {'A': 7, 'B': 10, 'C': 20, 'D': 7, ...}, 'department': 'Operations', ...}, {'avg_performance': 3.3, 'avg_seniority': 3.1, 'band_distribution': {'A': 5, 'B': 20, 'C': 13, 'D': 4, ...}, 'department': 'IT', ...}, {'avg_performance': 3.3, 'avg_seniority': 2.6, 'band_distribution': {'A': 9, 'B': 15, 'C': 7, 'D': 6, ...}, 'department': 'Finance', ...}, ...], 'kpis': {'attention_depts': 1, 'healthy_depts': 9, 'hierarchy_depth': 5, 'manager_ratio': 24.6, ...}} != {'band_pyramid': [{'band': 'A', 'count': 68, 'deviation': -3.1, 'ideal_pct': 20, ...}, {'band': 'B', 'count': 128, 'deviation': 1.8, 'ideal_pct': 30, ...}, {'band': 'C', 'count': 107, 'deviation': 1.6, 'ideal_pct': 25, ...}, {'band': 'D', 'count': 57, 'deviation': -0.8, 'ideal_pct': 15, ...}, {'band': 'E', 'count': 42, 'deviation': 0.4, 'ideal_pct': 10, ...}], 'department_health': [{'avg_performance': 3.4, 'avg_seniority': 3.0, 'band_distribution': {'A': 7, 'B': 10, 'C': 10, 'D': 7, ...}, 'department': 'R&amp;D', ...}, {'avg_performance': 3.2, 'avg_seniority': 2.8, 'band_distribution': {'A': 6, 'B': 9, 'C': 8, 'D': 5, ...}, 'department': 'HR', ...}, {'avg_performance': 3.4, 'avg_seniority': 3.2, 'band_distribution': {'A': 9, 'B': 19, 'C': 15, 'D': 12, ...}, 'department': 'Marketing', ...}, {'avg_performance': 3.6, 'avg_seniority': 2.8, 'band_distribution': {'A': 7, 'B': 10, 'C': 20, 'D': 7, ...}, 'department': 'Operations', ...}, {'avg_performance': 3.3, 'avg_seniority': 3.1, 'band_distribution': {'A': 5, 'B': 20, 'C': 13, 'D': 4, ...}, 'department': 'IT', ...}, {'avg_performance': 3.3, 'avg_seniority': 2.6, 'band_distribution': {'A': 9, 'B': 15, 'C': 7, 'D': 6, ...}, 'department': 'Finance', ...}, ...], 'kpis': {'attention_depts': 1, 'healthy_depts': 9, 'hierarchy_depth': 5, 'manager_ratio': 24.6, ...}}
     +  where {'band_pyramid': [{'band': 'A', 'count': 68, 'deviation': -3.1, 'ideal_pct': 20, ...}, {'band': 'B', 'count': 128, 'deviation': 1.8, 'ideal_pct': 30, ...}, {'band': 'C', 'count': 107, 'deviation': 1.6, 'ideal_pct': 25, ...}, {'band': 'D', 'count': 57, 'deviation': -0.8, 'ideal_pct': 15, ...}, {'band': 'E', 'count': 42, 'deviation': 0.4, 'ideal_pct': 10, ...}], 'department_health': [{'avg_performance': 3.4, 'avg_seniority': 3.0, 'band_distribution': {'A': 7, 'B': 10, 'C': 10, 'D': 7, ...}, 'department': 'R&amp;D', ...}, {'avg_performance': 3.2, 'avg_seniority': 2.8, 'band_distribution': {'A': 6, 'B': 9, 'C': 8, 'D': 5, ...}, 'department': 'HR', ...}, {'avg_performance': 3.4, 'avg_seniority': 3.2, 'band_distribution': {'A': 9, 'B': 19, 'C': 15, 'D': 12, ...}, 'department': 'Marketing', ...}, {'avg_performance': 3.6, 'avg_seniority': 2.8, 'band_distribution': {'A': 7, 'B': 10, 'C': 20, 'D': 7, ...}, 'department': 'Operations', ...}, {'avg_performance': 3.3, 'avg_seniority': 3.1, 'band_distribution': {'A': 5, 'B': 20, 'C': 13, 'D': 4, ...}, 'department': 'IT', ...}, {'avg_performance': 3.3, 'avg_seniority': 2.6, 'band_distribution': {'A': 9, 'B': 15, 'C': 7, 'D': 6, ...}, 'department': 'Finance', ...}, ...], 'kpis': {'attention_depts': 1, 'healthy_depts': 9, 'hierarchy_depth': 5, 'manager_ratio': 24.6, ...}} = json()
     +    where json = &lt;Response [200]&gt;.json
     +  and   {'band_pyramid': [{'band': 'A', 'count': 68, 'deviation': -3.1, 'ideal_pct': 20, ...}, {'band': 'B', 'count': 128, 'deviation': 1.8, 'ideal_pct': 30, ...}, {'band': 'C', 'count': 107, 'deviation': 1.6, 'ideal_pct': 25, ...}, {'band': 'D', 'count': 57, 'deviation': -0.8, 'ideal_pct': 15, ...}, {'band': 'E', 'count': 42, 'deviation': 0.4, 'ideal_pct': 10, ...}], 'department_health': [{'avg_performance': 3.4, 'avg_seniority': 3.0, 'band_distribution': {'A': 7, 'B': 10, 'C': 10, 'D': 7, ...}, 'department': 'R&amp;D', ...}, {'avg_performance': 3.2, 'avg_seniority': 2.8, 'band_distribution': {'A': 6, 'B': 9, 'C': 8, 'D': 5, ...}, 'department': 'HR', ...}, {'avg_performance': 3.4, 'avg_seniority': 3.2, 'band_distribution': {'A': 9, 'B': 19, 'C': 15, 'D': 12, ...}, 'department': 'Marketing', ...}, {'avg_performance': 3.6, 'avg_seniority': 2.8, 'band_distribution': {'A': 7, 'B': 10, 'C': 20, 'D': 7, ...}, 'department': 'Operations', ...}, {'avg_performance': 3.3, 'avg_seniority': 3.1, 'band_distribution': {'A': 5, 'B': 20, 'C': 13, 'D': 4, ...}, 'department': 'IT', ...}, {'avg_performance': 3.3, 'avg_seniority': 2.6, 'band_distribution': {'A': 9, 'B': 15, 'C': 7, 'D': 6, ...}, 'department': 'Finance', ...}, ...], 'kpis': {'attention_depts': 1, 'healthy_depts': 9, 'hierarchy_depth': 5, 'manager_ratio': 24.6, ...}} = json()
     +    where json = &lt;Response [200]&gt;.json</failure></testcase><testcase classname="backend.tests.test_country_trends.TestScenarioLocationImpact" name="test_scenario_returns_location_impact" time="0.050" /><testcase classname="backend.tests.test_country_trends.TestRegression" name="test_endpoint_ok[/api/dashboard/overview?year=2025]" time="0.053" /><testcase classname="backend.tests.test_country_trends.TestRegression" name="test_endpoint_ok[/api/dashboard/headcount?year=2025]" time="0.048" /><testcase classname="backend.tests.test_country_trends.TestRegression" name="test_endpoint_ok[/api/dashboard/turnover?year=2025]" time="0.078" /><testcase classname="backend.tests.test_country_trends.TestRegression" name="test_endpoint_ok[/api/dashboard/org-health?year=2025]" time="0.050" /><testcase classname="backend.tests.test_country_trends.TestRegression" name="test_endpoint_ok[/api/dashboard/hires?year=2025]" time="0.048" /><testcase classname="backend.tests.test_country_trends.TestRegression" name="test_endpoint_ok[/api/dashboard/leaves?year=2025]" time="0.050" /><testcase classname="backend.tests.test_country_trends.TestRegression" name="test_endpoint_ok[/api/dashboard/recruitment?year=2025]" time="0.045" /><testcase classname="backend.tests.test_country_trends.TestRegression" name="test_endpoint_ok[/api/dashboard/performance?year=2025]" time="0.048" /><testcase classname="backend.tests.test_country_trends.TestRegression" name="test_endpoint_ok[/api/dashboard/years]" time="0.045" /></testsuite></testsuites>