<?xml version="1.0" encoding="utf-8"?><testsuites name="pytest tests"><testsuite name="pytest" errors="0" failures="0" skipped="0" tests="20" time="1.634" timestamp="2026-06-19T08:43:29.674271+00:00" hostname="agent-env-022d7bd9-e3c3-4aca-8730-3acd15aa1faa"><testcase classname="tests.test_segment_filter.TestSegmentsEndpoint" name="test_perakende_returns_three_segments" time="0.493" /><testcase classname="tests.test_segment_filter.TestSegmentsEndpoint" name="test_banking_returns_no_segments" time="0.044" /><testcase classname="tests.test_segment_filter.TestOverviewSegmentFilter" name="test_baseline_has_all_retail_depts" time="0.063" /><testcase classname="tests.test_segment_filter.TestOverviewSegmentFilter" name="test_segment_filters_departments[Ma\u011faza / Perakende]" time="0.050" /><testcase classname="tests.test_segment_filter.TestOverviewSegmentFilter" name="test_segment_filters_departments[\xdcretim]" time="0.054" /><testcase classname="tests.test_segment_filter.TestOverviewSegmentFilter" name="test_segment_filters_departments[Merkez Ofis]" time="0.049" /><testcase classname="tests.test_segment_filter.TestEndpointsAcceptSegment" name="test_endpoint_accepts_segment[/api/dashboard/overview]" time="0.052" /><testcase classname="tests.test_segment_filter.TestEndpointsAcceptSegment" name="test_endpoint_accepts_segment[/api/dashboard/headcount]" time="0.047" /><testcase classname="tests.test_segment_filter.TestEndpointsAcceptSegment" name="test_endpoint_accepts_segment[/api/dashboard/turnover]" time="0.064" /><testcase classname="tests.test_segment_filter.TestEndpointsAcceptSegment" name="test_endpoint_accepts_segment[/api/dashboard/movement]" time="0.065" /><testcase classname="tests.test_segment_filter.TestEndpointsAcceptSegment" name="test_endpoint_accepts_segment[/api/dashboard/performance]" time="0.047" /><testcase classname="tests.test_segment_filter.TestEndpointsAcceptSegment" name="test_endpoint_accepts_segment[/api/dashboard/learning]" time="0.053" /><testcase classname="tests.test_segment_filter.TestEndpointsAcceptSegment" name="test_endpoint_accepts_segment[/api/dashboard/compensation]" time="0.048" /><testcase classname="tests.test_segment_filter.TestEndpointsAcceptSegment" name="test_endpoint_accepts_segment[/api/dashboard/engagement]" time="0.043" /><testcase classname="tests.test_segment_filter.TestEndpointsAcceptSegment" name="test_endpoint_accepts_segment[/api/dashboard/career]" time="0.046" /><testcase classname="tests.test_segment_filter.TestEndpointsAcceptSegment" name="test_endpoint_accepts_segment[/api/dashboard/hr-operations]" time="0.047" /><testcase classname="tests.test_segment_filter.TestEndpointsAcceptSegment" name="test_endpoint_accepts_segment[/api/dashboard/internal-mobility]" time="0.057" /><testcase classname="tests.test_segment_filter.TestSkillsMapSegment" name="test_skills_map_v2_uretim_segment_smaller" time="0.111" /><testcase classname="tests.test_segment_filter.TestBankingRegression" name="test_banking_overview_works_without_segment" time="0.077" /><testcase classname="tests.test_segment_filter.TestBankingRegression" name="test_banking_with_ignored_segment_param" time="0.049" /></testsuite></testsuites>