<?xml version="1.0" encoding="utf-8"?><testsuites name="pytest tests"><testsuite name="pytest" errors="0" failures="0" skipped="0" tests="13" time="1.201" timestamp="2026-09-17T10:51:31.876161+00:00" hostname="agent-env-022d7bd9-e3c3-4aca-8730-3acd15aa1faa"><testcase classname="backend.tests.test_survey_analytics.TestEngagement" name="test_status_and_shape" time="0.244" /><testcase classname="backend.tests.test_survey_analytics.TestEngagement" name="test_kpi_values" time="0.075" /><testcase classname="backend.tests.test_survey_analytics.TestEngagement" name="test_questions_have_scale_analysis" time="0.071" /><testcase classname="backend.tests.test_survey_analytics.TestExit" name="test_status_and_shape" time="0.064" /><testcase classname="backend.tests.test_survey_analytics.TestExit" name="test_kpi_values" time="0.065" /><testcase classname="backend.tests.test_survey_analytics.TestExit" name="test_reasons_distribution" time="0.072" /><testcase classname="backend.tests.test_survey_analytics.TestExit" name="test_has_category_and_scale_questions" time="0.065" /><testcase classname="backend.tests.test_survey_analytics.TestOnboarding" name="test_status_and_shape" time="0.068" /><testcase classname="backend.tests.test_survey_analytics.TestOnboarding" name="test_kpi_values" time="0.064" /><testcase classname="backend.tests.test_survey_analytics.TestPulse" name="test_status_and_shape" time="0.090" /><testcase classname="backend.tests.test_survey_analytics.TestPulse" name="test_kpi_values" time="0.090" /><testcase classname="backend.tests.test_survey_analytics.TestPulse" name="test_monthly_trends" time="0.090" /><testcase classname="backend.tests.test_survey_analytics" name="test_invalid_survey_type" time="0.063" /></testsuite></testsuites>