<?xml version="1.0" encoding="utf-8"?><testsuites name="pytest tests"><testsuite name="pytest" errors="0" failures="0" skipped="0" tests="12" time="0.989" timestamp="2026-06-11T05:29:19.366893+00:00" hostname="agent-env-022d7bd9-e3c3-4aca-8730-3acd15aa1faa"><testcase classname="backend.tests.test_branch_sales.TestBranchesList" name="test_returns_30_branches_with_7_regions" time="0.154" /><testcase classname="backend.tests.test_branch_sales.TestBranchesPerformance" name="test_performance_kpis_and_leaderboard" time="0.060" /><testcase classname="backend.tests.test_branch_sales.TestBranchesPerformance" name="test_filter_by_region" time="0.056" /><testcase classname="backend.tests.test_branch_sales.TestBranchTrend" name="test_trend_returns_12_months" time="0.101" /><testcase classname="backend.tests.test_branch_sales.TestBranchTrend" name="test_invalid_branch_returns_empty_or_404" time="0.053" /><testcase classname="backend.tests.test_branch_sales.TestSalesReps" name="test_returns_126_reps_with_tiers_and_bands" time="0.074" /><testcase classname="backend.tests.test_branch_sales.TestRegression" name="test_dashboard_endpoint[overview]" time="0.066" /><testcase classname="backend.tests.test_branch_sales.TestRegression" name="test_dashboard_endpoint[headcount]" time="0.060" /><testcase classname="backend.tests.test_branch_sales.TestRegression" name="test_dashboard_endpoint[turnover]" time="0.095" /><testcase classname="backend.tests.test_branch_sales.TestRegression" name="test_dashboard_endpoint[org-health]" time="0.062" /><testcase classname="backend.tests.test_branch_sales.TestRegression" name="test_dashboard_endpoint[hires]" time="0.055" /><testcase classname="backend.tests.test_branch_sales.TestRegression" name="test_dashboard_endpoint[leaves]" time="0.056" /></testsuite></testsuites>