<?xml version="1.0" encoding="utf-8"?><testsuites name="pytest tests"><testsuite name="pytest" errors="0" failures="0" skipped="0" tests="20" time="1.553" timestamp="2026-06-09T08:43:42.909361+00:00" hostname="agent-env-022d7bd9-e3c3-4aca-8730-3acd15aa1faa"><testcase classname="backend.tests.test_new_features.TestItalianCities" name="test_headcount_city_distribution_includes_italy" time="0.136" /><testcase classname="backend.tests.test_new_features.TestSuccession" name="test_succession_critical_roles_count" time="0.057" /><testcase classname="backend.tests.test_new_features.TestWorkforceAlignment" name="test_kpi_uses_at_risk_count" time="0.054" /><testcase classname="backend.tests.test_new_features.TestSkillsMapV2" name="test_endpoint_returns_valid_structure" time="0.052" /><testcase classname="backend.tests.test_new_features.TestInternalMobility" name="test_positions_endpoint" time="0.124" /><testcase classname="backend.tests.test_new_features.TestInternalMobility" name="test_position_matches" time="0.181" /><testcase classname="backend.tests.test_new_features.TestInternalMobility" name="test_position_matches_invalid_id" time="0.052" /><testcase classname="backend.tests.test_new_features.TestActionCenter" name="test_alerts_endpoint" time="0.076" /><testcase classname="backend.tests.test_new_features.TestActionCenter" name="test_resolve_alert" time="0.103" /><testcase classname="backend.tests.test_new_features.TestExistingDashboards" name="test_existing_endpoints[/dashboard/overview]" time="0.053" /><testcase classname="backend.tests.test_new_features.TestExistingDashboards" name="test_existing_endpoints[/dashboard/headcount]" time="0.052" /><testcase classname="backend.tests.test_new_features.TestExistingDashboards" name="test_existing_endpoints[/dashboard/turnover]" time="0.086" /><testcase classname="backend.tests.test_new_features.TestExistingDashboards" name="test_existing_endpoints[/dashboard/recruitment]" time="0.048" /><testcase classname="backend.tests.test_new_features.TestExistingDashboards" name="test_existing_endpoints[/dashboard/performance]" time="0.052" /><testcase classname="backend.tests.test_new_features.TestExistingDashboards" name="test_existing_endpoints[/dashboard/hires]" time="0.050" /><testcase classname="backend.tests.test_new_features.TestExistingDashboards" name="test_existing_endpoints[/dashboard/leaves]" time="0.052" /><testcase classname="backend.tests.test_new_features.TestExistingDashboards" name="test_existing_endpoints[/dashboard/movement]" time="0.085" /><testcase classname="backend.tests.test_new_features.TestExistingDashboards" name="test_existing_endpoints[/dashboard/skills-map]" time="0.054" /><testcase classname="backend.tests.test_new_features.TestExistingDashboards" name="test_existing_endpoints[/dashboard/headcount-plan]" time="0.050" /><testcase classname="backend.tests.test_new_features.TestExistingDashboards" name="test_existing_endpoints[/dashboard/org-health]" time="0.052" /></testsuite></testsuites>