<?xml version="1.0" encoding="utf-8"?><testsuites name="pytest tests"><testsuite name="pytest" errors="0" failures="0" skipped="0" tests="14" time="2.245" timestamp="2026-09-17T11:05:51.849826+00:00" hostname="agent-env-022d7bd9-e3c3-4aca-8730-3acd15aa1faa"><testcase classname="backend.tests.test_iter19_multi_tenant_enrichment.TestSkillsMap" name="test_turknet_skills_map_has_skills" time="0.267" /><testcase classname="backend.tests.test_iter19_multi_tenant_enrichment.TestTurknetSurveys" name="test_exit_190" time="0.131" /><testcase classname="backend.tests.test_iter19_multi_tenant_enrichment.TestTurknetSurveys" name="test_onboarding_206" time="0.129" /><testcase classname="backend.tests.test_iter19_multi_tenant_enrichment.TestTurknetSurveys" name="test_pulse_2376" time="0.140" /><testcase classname="backend.tests.test_iter19_multi_tenant_enrichment.TestTurknetSurveys" name="test_engagement_present" time="0.143" /><testcase classname="backend.tests.test_iter19_multi_tenant_enrichment.TestYapikrediSurveys" name="test_exit_90" time="0.121" /><testcase classname="backend.tests.test_iter19_multi_tenant_enrichment.TestYapikrediSurveys" name="test_pulse_1476" time="0.136" /><testcase classname="backend.tests.test_iter19_multi_tenant_enrichment.TestYapikrediSurveys" name="test_onboarding_115" time="0.125" /><testcase classname="backend.tests.test_iter19_multi_tenant_enrichment.TestParakendeSurveys" name="test_exit_93" time="0.209" /><testcase classname="backend.tests.test_iter19_multi_tenant_enrichment.TestParakendeSurveys" name="test_pulse_1458" time="0.211" /><testcase classname="backend.tests.test_iter19_multi_tenant_enrichment.TestParakendeSurveys" name="test_onboarding_118" time="0.123" /><testcase classname="backend.tests.test_iter19_multi_tenant_enrichment.TestTurknetOtherDashboards" name="test_engagement_dashboard" time="0.139" /><testcase classname="backend.tests.test_iter19_multi_tenant_enrichment.TestTurknetOtherDashboards" name="test_learning_dashboard" time="0.149" /><testcase classname="backend.tests.test_iter19_multi_tenant_enrichment.TestTurknetOtherDashboards" name="test_career_dashboard" time="0.145" /></testsuite></testsuites>