<?xml version="1.0" encoding="utf-8"?><testsuites name="pytest tests"><testsuite name="pytest" errors="0" failures="0" skipped="0" tests="18" time="1.634" timestamp="2026-07-30T13:55:22.808241+00:00" hostname="agent-env-022d7bd9-e3c3-4aca-8730-3acd15aa1faa"><testcase classname="backend.tests.test_hrbp_department_narrowing.TestPerformanceHRBP" name="test_no_filters_all_10_depts" time="0.233" /><testcase classname="backend.tests.test_hrbp_department_narrowing.TestPerformanceHRBP" name="test_elif_aydin_only_2_depts" time="0.114" /><testcase classname="backend.tests.test_hrbp_department_narrowing.TestPerformanceHRBP" name="test_zeynep_arslan_only_2_depts" time="0.052" /><testcase classname="backend.tests.test_hrbp_department_narrowing.TestPerformanceHRBP" name="test_department_only_narrows_to_1" time="0.052" /><testcase classname="backend.tests.test_hrbp_department_narrowing.TestPerformanceHRBP" name="test_dept_and_hrbp_intersection" time="0.052" /><testcase classname="backend.tests.test_hrbp_department_narrowing.TestPerformanceHRBP" name="test_dept_and_hrbp_empty_intersection" time="0.050" /><testcase classname="backend.tests.test_hrbp_department_narrowing.TestOtherEndpointsHRBP" name="test_hrbp_narrows_department_list[learning]" time="0.113" /><testcase classname="backend.tests.test_hrbp_department_narrowing.TestOtherEndpointsHRBP" name="test_hrbp_narrows_department_list[compensation]" time="0.110" /><testcase classname="backend.tests.test_hrbp_department_narrowing.TestOtherEndpointsHRBP" name="test_hrbp_narrows_department_list[career]" time="0.110" /><testcase classname="backend.tests.test_hrbp_department_narrowing.TestEngagementHRBP" name="test_hrbp_narrows" time="0.103" /><testcase classname="backend.tests.test_hrbp_department_narrowing.TestEkKadroHRBP" name="test_no_filter_returns_data" time="0.088" /><testcase classname="backend.tests.test_hrbp_department_narrowing.TestEkKadroHRBP" name="test_hrbp_narrows_departments" time="0.106" /><testcase classname="backend.tests.test_hrbp_department_narrowing.TestNormKadroHRBP" name="test_no_filter_returns_data" time="0.053" /><testcase classname="backend.tests.test_hrbp_department_narrowing.TestNormKadroHRBP" name="test_hrbp_narrows_data" time="0.104" /><testcase classname="backend.tests.test_hrbp_department_narrowing" name="test_no_filters_returns_all_depts[performance]" time="0.055" /><testcase classname="backend.tests.test_hrbp_department_narrowing" name="test_no_filters_returns_all_depts[learning]" time="0.059" /><testcase classname="backend.tests.test_hrbp_department_narrowing" name="test_no_filters_returns_all_depts[compensation]" time="0.055" /><testcase classname="backend.tests.test_hrbp_department_narrowing" name="test_no_filters_returns_all_depts[career]" time="0.058" /></testsuite></testsuites>