<?xml version="1.0" encoding="utf-8"?><testsuites name="pytest tests"><testsuite name="pytest" errors="0" failures="0" skipped="0" tests="10" time="0.918" timestamp="2026-09-18T05:59:56.988563+00:00" hostname="agent-env-022d7bd9-e3c3-4aca-8730-3acd15aa1faa"><testcase classname="backend.tests.test_jolly_tur" name="test_filters" time="0.233" /><testcase classname="backend.tests.test_jolly_tur" name="test_overview" time="0.057" /><testcase classname="backend.tests.test_jolly_tur" name="test_overview_filter_bolge" time="0.117" /><testcase classname="backend.tests.test_jolly_tur" name="test_hedef_analizi" time="0.061" /><testcase classname="backend.tests.test_jolly_tur" name="test_yetkinlik_analizi" time="0.064" /><testcase classname="backend.tests.test_jolly_tur" name="test_kalibrasyon" time="0.064" /><testcase classname="backend.tests.test_jolly_tur" name="test_yetenek_matrisi" time="0.061" /><testcase classname="backend.tests.test_jolly_tur" name="test_calisan_listesi" time="0.058" /><testcase classname="backend.tests.test_jolly_tur" name="test_calisan_karnesi" time="0.063" /><testcase classname="backend.tests.test_jolly_tur" name="test_calisan_karnesi_404" time="0.061" /></testsuite></testsuites>